11/26/2020 12:26:20 PM: INFO: Actual Text from Web UI ---> :: All Courses
11/26/2020 12:26:20 PM: INFO: Expected Text ---> :: All Courses
11/26/2020 12:26:20 PM: INFO: ### VERIFICATION CONTAINS !!!
ION SUCCESSFUL :: Card Number is invalid
11/26/2020 12:25:40 PM: INFO: test_invalidCardNumber### TEST SUCCESSFUL
11/26/2020 12:26:20 PM: INFO: ### VERIFICATION SUCCESSFUL :: Title Verified
11/26/2020 12:26:20 PM: INFO: ### VERIFICATION SUCCESSFUL :: Login was successful
11/26/2020 12:26:20 PM: INFO: test_valid_login### TEST SUCCESSFUL
path
11/26/2020 12:26:02 PM: INFO: Clicked on element with locator: //button[@id='dropdownMenu1'] locatorType: xpath
: Element found with locator: //div[@id='course-list']//a and locator type: xpath
11/26/2020 12:25:03 PM: INFO: Clicked on element with locator: //div[@id='course-list']//a and locatorType: xpath
11/26/2020 12:25:08 PM: INFO: Element found with locator: //button[contains(text(),'Enroll')]11/26/2020 12:25:53 PM: INFO: Element found with locator: //a[text()='Sign In'] and locator type: xpath
11/26/2020 12:25:55 PM: INFO: Clicked on element with locator: //a[text()='Sign In'] locatorType: xpath
11/26/2020 12:25:55 PM: INFO: Element found with locator: email and locator type: id
11/26/2020 12:25:55 PM: INFO: Element found with locator: password and locator type: id
11/26/2020 12:25:55 PM: INFO: Element found with locator: email and locator type: id
11/26/2020 12:25:55 PM: INFO: Sent data on element with locator: email locatorType: id
11/26/2020 12:25:55 PM: INFO: Element found with locator: password and locator type: id
11/26/2020 12:25:55 PM: INFO: Sent data on element with locator: password locatorType: id
11/26/2020 12:25:55 PM: INFO: Element found with locator: //input[@value='Login'] and locator type: xpath
11/26/2020 12:26:02 PM: INFO: Clicked on element with locator: //input[@value='Login'] locatorType: xpath
11/26/2020 12:26:05 PM: INFO: Element found with locator: //a[text()='Logout'] and locator type: xpath
11/26/2020 12:26:09 PM: INFO: Clicked on element with locator: //a[text()='Logout'] locatorType: xpath
11/26/2020 12:26:09 PM: INFO: Element found with locator: //a[text()='Sign In'] and locator type: xpath
11/26/2020 12:26:10 PM: INFO: Clicked on element with locator: //a[text()='Sign In'] locatorType: xpath
11/26/2020 12:26:10 PM: INFO: Element found with locator: email and locator type: id
11/26/2020 12:26:10 PM: INFO: Element found with locator: password and locator type: id
11/26/2020 12:26:11 PM: INFO: Element found with locator: email and locator type: id
11/26/2020 12:26:11 PM: INFO: Sent data on element with locator: email locatorType: id
11/26/2020 12:26:11 PM: INFO: Element found with locator: password and locator type: id
11/26/2020 12:26:11 PM: INFO: Sent data on element with locator: password locatorType: id
11/26/2020 12:26:11 PM: INFO: Element found with locator: //input[@value='Login'] and locator type: xpath
11/26/2020 12:26:14 PM: INFO: Clicked on element with locator: //input[@value='Login'] locatorType: xpath
11/26/2020 12:26:14 PM: INFO: Element found with locator: //input[@id='email']//following-sibling::span and locator type: xpath
11/26/2020 12:26:14 PM: INFO: Element present with locator: //input[@id='email']//following-sibling::span locatorType: xpath
11/26/2020 12:26:14 PM: INFO: Element found with locator: //a[text()='Sign In'] and locator type: xpath
11/26/2020 12:26:16 PM: INFO: Clicked on element with locator: //a[text()='Sign In'] locatorType: xpath
11/26/2020 12:26:16 PM: INFO: Element found with locator: email and locator type: id
11/26/2020 12:26:16 PM: INFO: Element found with locator: password and locator type: id
11/26/2020 12:26:16 PM: INFO: Element found with locator: email and locator type: id
11/26/2020 12:26:16 PM: INFO: Sent data on element with locator: email locatorType: id
11/26/2020 12:26:16 PM: INFO: Element found with locator: password and locator type: id
11/26/2020 12:26:16 PM: INFO: Sent data on element with locator: password locatorType: id
11/26/2020 12:26:16 PM: INFO: Element found with locator: //input[@value='Login'] and locator type: xpath
11/26/2020 12:26:20 PM: INFO: Clicked on element with locator: //input[@value='Login'] locatorType: xpath
11/26/2020 12:26:20 PM: INFO: Element found with locator: //button[@id='dropdownMenu1']//img and locator type: xpath
11/26/2020 12:26:20 PM: INFO: Element present with locator: //button[@id='dropdownMenu1']//img locatorType: xpath
found with locator: //div[@id='course-list']//a and locator type: xpath
11/26/2020 12:25:29 PM: INFO: Clicked on element with locator: //div[@id='course-list']//a and locatorType: xpath
11/26/2020 12:25:35 PM: INFO: Element found with locator: //button[contains(text(),'Enroll')] and locator type: xpath
11/26/2020 12:25:39 PM: INFO: Clicked on element with locator: //button[contains(text(),'Enroll')] locatorType: xpath
11/26/2020 12:25:39 PM: INFO: Element found with locator: //iframe[@title='Secure card number input frame'] and locator type: xpath
11/26/2020 12:25:39 PM: INFO: Switched to iframe: <selenium.webdriver.remote.webelement.WebElement (session="465ad6a7cbd511b534716161c80ae788", element="dddd498e-e80c-4aec-9b92-b5ffe5d523d9")>
11/26/2020 12:25:39 PM: INFO: Element found with locator: //input[@name='cardnumber' and not(@aria-hidden='true')] and locator type: xpath
11/26/2020 12:25:39 PM: INFO: Element found with locator: //input[@name='cardnumber' and not(@aria-hidden='true')] and locator type: xpath
11/26/2020 12:25:39 PM: INFO: Sent data on element with locator: //input[@name='cardnumber' and not(@aria-hidden='true')] locatorType: xpath
11/26/2020 12:25:39 PM: INFO: Element found with locator: //iframe[@title='Secure expiration date input frame'] and locator type: xpath
11/26/2020 12:25:39 PM: INFO: Switched to iframe: <selenium.webdriver.remote.webelement.WebElement (session="465ad6a7cbd511b534716161c80ae788", element="5a53e027-6132-40f4-8aa3-853339d54471")>
11/26/2020 12:25:39 PM: INFO: Element found with locator: //input[@name='exp-date' and not(@aria-hidden='true')] and locator type: xpath
11/26/2020 12:25:39 PM: INFO: Element found with locator: //input[@name='exp-date' and not(@aria-hidden='true')] and locator type: xpath
11/26/2020 12:25:40 PM: INFO: Sent data on element with locator: //input[@name='exp-date' and not(@aria-hidden='true')] locatorType: xpath
11/26/2020 12:25:40 PM: INFO: Element found with locator: //iframe[@title='Secure CVC input frame'] and locator type: xpath
11/26/2020 12:25:40 PM: INFO: Switched to iframe: <selenium.webdriver.remote.webelement.WebElement (session="465ad6a7cbd511b534716161c80ae788", element="d1e9ea19-9041-44d1-b1a9-ac57d643a473")>
11/26/2020 12:25:40 PM: INFO: Element found with locator: //input[@name='cvc' and not(@aria-hidden='true')] and locator type: xpath
11/26/2020 12:25:40 PM: INFO: Element found with locator: //input[@name='cvc' and not(@aria-hidden='true')] and locator type: xpath
11/26/2020 12:25:40 PM: INFO: Sent data on element with locator: //input[@name='cvc' and not(@aria-hidden='true')] locatorType: xpath
11/26/2020 12:25:40 PM: INFO: Element found with locator: //button[contains(@class,'checkout-button')][1] and locator type: xpath
11/26/2020 12:25:40 PM: INFO: Clicked on element with locator: //button[contains(@class,'checkout-button')][1] locatorType: xpath
11/26/2020 12:25:40 PM: INFO: Element found with locator: //span[text()='Your card number is invalid.'] and locator type: xpath
11/26/2020 12:25:40 PM: INFO: Element is displayed with locator: //span[text()='Your card number is invalid.'] locatorType: xpath
